2013-05-31T22:57:53+00:00 NOTICE (5): [8] Undefined offset: 0 (/Users/iainniven/Dropbox/Work/retweb/dodas/repo/dodas/application/libraries/Zend/Translate/Adapter.php) [740]
Error Code: f71c46
Stack trace:
#0 /Users/iainniven/Dropbox/Work/retweb/dodas/repo/dodas/application/libraries/Zend/Form.php(2288): Zend_Translate_Adapter->translate(Array)
#1 /Users/iainniven/Dropbox/Work/retweb/dodas/repo/dodas/application/libraries/Engine/Form/Decorator/FormErrors.php(366): Zend_Form->getMessages()
#2 /Users/iainniven/Dropbox/Work/retweb/dodas/repo/dodas/application/libraries/Engine/Form/Decorator/FormErrors.php(68): Engine_Form_Decorator_FormErrors->_recurseForm(Install_Form_Account, Zend_View)
#3 /Users/iainniven/Dropbox/Work/retweb/dodas/repo/dodas/application/libraries/Zend/Form.php(2644): Engine_Form_Decorator_FormErrors->render('<div class="form-elements">
<div...')
#4 /Users/iainniven/Dropbox/Work/retweb/dodas/repo/dodas/install/views/scripts/install/account.tpl(25): Zend_Form->render(Zend_View)
#5 /Users/iainniven/Dropbox/Work/retweb/dodas/repo/dodas/application/libraries/Zend/View.php(108): include('/Users/iainniven/Dropbox/Work/re...')
#6 /Users/iainniven/Dropbox/Work/retweb/dodas/repo/dodas/application/libraries/Zend/View/Abstract.php(835): Zend_View->_run('/Users/iainniven/Dropbox/Work/re...')
#7 /Users/iainniven/Dropbox/Work/retweb/dodas/repo/dodas/application/libraries/Zend/Controller/Action/Helper/ViewRenderer.php(903): Zend_View_Abstract->render('install/account.tpl')
#8 /Users/iainniven/Dropbox/Work/retweb/dodas/repo/dodas/application/libraries/Zend/Controller/Action/Helper/ViewRenderer.php(924): Zend_Controller_Action_Helper_ViewRenderer->renderScript('install/account.tpl', )
#9 /Users/iainniven/Dropbox/Work/retweb/dodas/repo/dodas/application/libraries/Zend/Controller/Action/Helper/ViewRenderer.php(963): Zend_Controller_Action_Helper_ViewRenderer->render()
#10 /Users/iainniven/Dropbox/Work/retweb/dodas/repo/dodas/application/libraries/Zend/Controller/Action/HelperBroker.php(277): Zend_Controller_Action_Helper_ViewRenderer->postDispatch()
#11 /Users/iainniven/Dropbox/Work/retweb/dodas/repo/dodas/application/libraries/Zend/Controller/Action.php(523): Zend_Controller_Action_HelperBroker->notifyPostDispatch()
#12 /Users/iainniven/Dropbox/Work/retweb/dodas/repo/dodas/application/libraries/Zend/Controller/Dispatcher/Standard.php(289): Zend_Controller_Action->dispatch('accountAction')
#13 /Users/iainniven/Dropbox/Work/retweb/dodas/repo/dodas/application/libraries/Zend/Controller/Front.php(946): Zend_Controller_Dispatcher_Standard->dispatch(Zend_Controller_Request_Http, Zend_Controller_Response_Http)
#14 /Users/iainniven/Dropbox/Work/retweb/dodas/repo/dodas/application/libraries/Zend/Application/Bootstrap/Bootstrap.php(77): Zend_Controller_Front->dispatch()
#15 /Users/iainniven/Dropbox/Work/retweb/dodas/repo/dodas/application/libraries/Zend/Application.php(358): Zend_Application_Bootstrap_Bootstrap->run()
#16 /Users/iainniven/Dropbox/Work/retweb/dodas/repo/dodas/install/index.php(87): Zend_Application->run()
#17 {main}

